<?xml version="1.0" encoding="utf-8"?>
<test-run id="2" name="Incapsulation.Failures.exe" fullname="Incapsulation.Failures.exe" testcasecount="3" result="Passed" start-time="2019-01-31 17:42:22Z" end-time="2019-01-31 17:42:22Z" duration="0.040043" total="3" passed="3" failed="0" inconclusive="0" skipped="0" asserts="3" random-seed="581244192">
  <command-line><![CDATA["D:\Уроки\StepikC#\1.1\bin\Debug\Incapsulation.Failures.exe" ]]></command-line>
  <filter />
  <test-suite type="Assembly" id="1004" name="Incapsulation.Failures.exe" fullname="Incapsulation.Failures.exe" runstate="Runnable" testcasecount="3" result="Passed" start-time="2019-01-31 17:42:22Z" end-time="2019-01-31 17:42:22Z" duration="0.040043" total="3" passed="3" failed="0" warnings="0" inconclusive="0" skipped="0" asserts="3">
    <environment framework-version="3.11.0.0" clr-version="4.0.30319.42000" os-version="Microsoft Windows NT 10.0.17763" platform="Win32NT" cwd="D:\Уроки\StepikC#\1.1\bin\Debug" machine-name="DESKTOP-SUAAJOP" user="Zarew" user-domain="DESKTOP-SUAAJOP" culture="ru-RU" uiculture="ru-RU" os-architecture="x86" />
    <settings>
      <setting name="WorkDirectory" value="D:\Уроки\StepikC#\1.1\bin\Debug" />
      <setting name="NumberOfTestWorkers" value="16" />
    </settings>
    <properties>
      <property name="_PID" value="18156" />
      <property name="_APPDOMAIN" value="Incapsulation.Failures.exe" />
    </properties>
    <test-suite type="TestSuite" id="1005" name="Incapsulation" fullname="Incapsulation" runstate="Runnable" testcasecount="3" result="Passed" start-time="2019-01-31 17:42:22Z" end-time="2019-01-31 17:42:22Z" duration="0.032247" total="3" passed="3" failed="0" warnings="0" inconclusive="0" skipped="0" asserts="3">
      <test-suite type="TestSuite" id="1006" name="Failures" fullname="Incapsulation.Failures" runstate="Runnable" testcasecount="3" result="Passed" start-time="2019-01-31 17:42:22Z" end-time="2019-01-31 17:42:22Z" duration="0.031893" total="3" passed="3" failed="0" warnings="0" inconclusive="0" skipped="0" asserts="3">
        <test-suite type="TestFixture" id="1000" name="ReportMaker_Tests" fullname="Incapsulation.Failures.ReportMaker_Tests" classname="Incapsulation.Failures.ReportMaker_Tests" runstate="Runnable" testcasecount="3" result="Passed" start-time="2019-01-31 17:42:22Z" end-time="2019-01-31 17:42:22Z" duration="0.029892" total="3" passed="3" failed="0" warnings="0" inconclusive="0" skipped="0" asserts="3">
          <test-case id="1003" name="FilterManyDevices" fullname="Incapsulation.Failures.ReportMaker_Tests.FilterManyDevices" methodname="FilterManyDevices" classname="Incapsulation.Failures.ReportMaker_Tests" runstate="Runnable" seed="350873388" result="Passed" start-time="2019-01-31 17:42:22Z" end-time="2019-01-31 17:42:22Z" duration="0.022430" asserts="1" />
          <test-case id="1002" name="FilterSingleDevice" fullname="Incapsulation.Failures.ReportMaker_Tests.FilterSingleDevice" methodname="FilterSingleDevice" classname="Incapsulation.Failures.ReportMaker_Tests" runstate="Runnable" seed="71051901" result="Passed" start-time="2019-01-31 17:42:22Z" end-time="2019-01-31 17:42:22Z" duration="0.000562" asserts="1" />
          <test-case id="1001" name="NoDevices" fullname="Incapsulation.Failures.ReportMaker_Tests.NoDevices" methodname="NoDevices" classname="Incapsulation.Failures.ReportMaker_Tests" runstate="Runnable" seed="924062109" result="Passed" start-time="2019-01-31 17:42:22Z" end-time="2019-01-31 17:42:22Z" duration="0.001187" asserts="1" />
        </test-suite>
      </test-suite>
    </test-suite>
  </test-suite>
</test-run>